  [1m[36mSQL (1.0ms)[0m  [1mSHOW TABLES[0m
  [1m[35mSQL (127.0ms)[0m  CREATE TABLE `schema_migrations` (`version` varchar(255) NOT NULL) ENGINE=InnoDB
  [1m[36mSQL (1.0ms)[0m  [1mSHOW KEYS FROM `schema_migrations`[0m
  [1m[35mSQL (221.0ms)[0m  CREATE UNIQUE INDEX `unique_schema_migrations` ON `schema_migrations` (`version`)
  [1m[36mSQL (1.0ms)[0m  [1mSHOW TABLES[0m
  [1m[35mSQL (2.0ms)[0m  SHOW TABLES
  [1m[36mSQL (1.0ms)[0m  [1mSELECT `schema_migrations`.`version` FROM `schema_migrations`[0m
Migrating to CreateUsers (20110311213901)
  [1m[35mSQL (115.0ms)[0m  CREATE TABLE `users` (`id` int(11) DEFAULT NULL auto_increment PRIMARY KEY, `created_at` datetime, `updated_at` datetime) ENGINE=InnoDB
  [1m[36mSQL (27.0ms)[0m  [1mINSERT INTO `schema_migrations` (`version`) VALUES ('20110311213901')[0m
  [1m[35mSQL (1.0ms)[0m  SHOW TABLES
  [1m[36mSQL (0.0ms)[0m  [1mSELECT `schema_migrations`.`version` FROM `schema_migrations`[0m
  [1m[35mSQL (0.0ms)[0m  SHOW TABLES
  [1m[36mSQL (2.0ms)[0m  [1mdescribe `users`[0m
  [1m[35mSQL (0.0ms)[0m  SHOW KEYS FROM `users`


Started GET "/users" for 127.0.0.1 at 2011-03-11 17:23:45 -0600

ActionController::RoutingError (No route matches "/users"):
  

Rendered C:/Ruby192/lib/ruby/gems/1.9.1/gems/actionpack-3.0.4/lib/action_dispatch/middleware/templates/rescues/routing_error.erb within rescues/layout (3.0ms)


Started GET "/users" for 127.0.0.1 at 2011-03-11 17:24:05 -0600
  Processing by UsersController#index as HTML
  [1m[36mUser Load (0.0ms)[0m  [1mSELECT `users`.* FROM `users`[0m
Rendered users/index.html.erb within layouts/application (5.0ms)
Completed 200 OK in 310ms (Views: 20.0ms | ActiveRecord: 0.0ms)


Started GET "/users/new" for 127.0.0.1 at 2011-03-11 17:24:16 -0600
  Processing by UsersController#new as HTML
Rendered users/_form.html.erb (120.0ms)
Rendered users/new.html.erb within layouts/application (127.0ms)
Completed   in 161ms

ActionView::Template::Error (undefined method `f_text_field' for #<#<Class:0x37c3368>:0x37c1730>):
    1: <%= form_for(:user, :url => {:action => "create"}) do |f|%>
    2: 	<%= f_text_field(:user) %>
    3: 	<%= submit_tags("Guardar")%>
    4: <%end%>
  app/views/users/_form.html.erb:2:in `block in _app_views_users__form_html_erb___45261815_29111652_220970492'
  app/views/users/_form.html.erb:1:in `_app_views_users__form_html_erb___45261815_29111652_220970492'
  app/views/users/new.html.erb:3:in `_app_views_users_new_html_erb__436098123_29123472_465552136'

Rendered C:/Ruby192/lib/ruby/gems/1.9.1/gems/actionpack-3.0.4/lib/action_dispatch/middleware/templates/rescues/_trace.erb (1.0ms)
Rendered C:/Ruby192/lib/ruby/gems/1.9.1/gems/actionpack-3.0.4/lib/action_dispatch/middleware/templates/rescues/_request_and_response.erb (5.0ms)
Rendered C:/Ruby192/lib/ruby/gems/1.9.1/gems/actionpack-3.0.4/lib/action_dispatch/middleware/templates/rescues/template_error.erb within rescues/layout (20.0ms)


Started GET "/users/new" for 127.0.0.1 at 2011-03-11 17:24:36 -0600
  Processing by UsersController#new as HTML
Rendered users/_form.html.erb (6.0ms)
Rendered users/new.html.erb within layouts/application (10.0ms)
Completed   in 42ms

ActionView::Template::Error (undefined method `user' for #<User id: nil, created_at: nil, updated_at: nil>):
    1: <%= form_for(:user, :url => {:action => "create"}) do |f|%>
    2: 	<%= f.text_field(:user) %>
    3: 	<%= submit_tags("Guardar")%>
    4: <%end%>
  app/views/users/_form.html.erb:2:in `block in _app_views_users__form_html_erb___45261815_26328168_220970492'
  app/views/users/_form.html.erb:1:in `_app_views_users__form_html_erb___45261815_26328168_220970492'
  app/views/users/new.html.erb:3:in `_app_views_users_new_html_erb__436098123_26415984_465552136'

Rendered C:/Ruby192/lib/ruby/gems/1.9.1/gems/actionpack-3.0.4/lib/action_dispatch/middleware/templates/rescues/_trace.erb (1.0ms)
Rendered C:/Ruby192/lib/ruby/gems/1.9.1/gems/actionpack-3.0.4/lib/action_dispatch/middleware/templates/rescues/_request_and_response.erb (4.0ms)
Rendered C:/Ruby192/lib/ruby/gems/1.9.1/gems/actionpack-3.0.4/lib/action_dispatch/middleware/templates/rescues/template_error.erb within rescues/layout (15.0ms)


Started GET "/users" for 127.0.0.1 at 2011-03-11 17:25:35 -0600
  Processing by UsersController#index as HTML
  [1m[35mUser Load (32.0ms)[0m  SELECT `users`.* FROM `users`
Rendered users/index.html.erb within layouts/application (4.0ms)
Completed 200 OK in 67ms (Views: 21.0ms | ActiveRecord: 32.0ms)


Started GET "/users/new" for 127.0.0.1 at 2011-03-11 17:25:36 -0600
  Processing by UsersController#new as HTML
Rendered users/_form.html.erb (4.0ms)
Rendered users/new.html.erb within layouts/application (9.0ms)
Completed   in 40ms

ActionView::Template::Error (undefined method `user' for #<User id: nil, created_at: nil, updated_at: nil>):
    1: <%= form_for(:user, :url => {:action => "create"}) do |f|%>
    2: 	<%= f.text_field(:user) %>
    3: 	<%= submit_tag("Guardar")%>
    4: <%end%>
  app/views/users/_form.html.erb:2:in `block in _app_views_users__form_html_erb___45261815_30874608_220970492'
  app/views/users/_form.html.erb:1:in `_app_views_users__form_html_erb___45261815_30874608_220970492'
  app/views/users/new.html.erb:3:in `_app_views_users_new_html_erb__436098123_30891624_465552136'

Rendered C:/Ruby192/lib/ruby/gems/1.9.1/gems/actionpack-3.0.4/lib/action_dispatch/middleware/templates/rescues/_trace.erb (2.0ms)
Rendered C:/Ruby192/lib/ruby/gems/1.9.1/gems/actionpack-3.0.4/lib/action_dispatch/middleware/templates/rescues/_request_and_response.erb (5.0ms)
Rendered C:/Ruby192/lib/ruby/gems/1.9.1/gems/actionpack-3.0.4/lib/action_dispatch/middleware/templates/rescues/template_error.erb within rescues/layout (18.0ms)


Started GET "/users" for 127.0.0.1 at 2011-03-11 17:28:50 -0600
  Processing by UsersController#index as HTML
  [1m[36mUser Load (1.0ms)[0m  [1mSELECT `users`.* FROM `users`[0m
Rendered users/index.html.erb within layouts/application (5.0ms)
Completed 200 OK in 35ms (Views: 21.0ms | ActiveRecord: 1.0ms)


Started GET "/users/new" for 127.0.0.1 at 2011-03-11 17:28:51 -0600
  Processing by UsersController#new as HTML
Rendered users/_form.html.erb (4.0ms)
Rendered users/new.html.erb within layouts/application (9.0ms)
Completed   in 41ms

ActionView::Template::Error (undefined method `name' for #<User id: nil, created_at: nil, updated_at: nil>):
    1: <%= form_for(:user, :url => {:action => "create"}) do |f|%>
    2: 	<%= f.text_field(:name) %>
    3: 	<%= submit_tag("Guardar")%>
    4: <%end%>
  app/views/users/_form.html.erb:2:in `block in _app_views_users__form_html_erb___45261815_21012984_220970492'
  app/views/users/_form.html.erb:1:in `_app_views_users__form_html_erb___45261815_21012984_220970492'
  app/views/users/new.html.erb:3:in `_app_views_users_new_html_erb__436098123_21021960_465552136'

Rendered C:/Ruby192/lib/ruby/gems/1.9.1/gems/actionpack-3.0.4/lib/action_dispatch/middleware/templates/rescues/_trace.erb (26.0ms)
Rendered C:/Ruby192/lib/ruby/gems/1.9.1/gems/actionpack-3.0.4/lib/action_dispatch/middleware/templates/rescues/_request_and_response.erb (4.0ms)
Rendered C:/Ruby192/lib/ruby/gems/1.9.1/gems/actionpack-3.0.4/lib/action_dispatch/middleware/templates/rescues/template_error.erb within rescues/layout (41.0ms)
  [1m[36mSQL (1.0ms)[0m  [1mSHOW TABLES[0m
  [1m[35mSQL (85.0ms)[0m  CREATE TABLE `users` (`id` int(11) DEFAULT NULL auto_increment PRIMARY KEY, `created_at` datetime, `updated_at` datetime) ENGINE=InnoDB
  [1m[36mSQL (1.0ms)[0m  [1mSHOW TABLES[0m
  [1m[35mSQL (59.0ms)[0m  CREATE TABLE `schema_migrations` (`version` varchar(255) NOT NULL) ENGINE=InnoDB
  [1m[36mSQL (1.0ms)[0m  [1mSHOW KEYS FROM `schema_migrations`[0m
  [1m[35mSQL (131.0ms)[0m  CREATE UNIQUE INDEX `unique_schema_migrations` ON `schema_migrations` (`version`)
  [1m[36mSQL (1.0ms)[0m  [1mSHOW TABLES[0m
  [1m[35mSQL (1.0ms)[0m  SELECT version FROM `schema_migrations`
  [1m[36mSQL (21.0ms)[0m  [1mINSERT INTO `schema_migrations` (version) VALUES ('20110311213901')[0m
  [1m[35mSQL (1.0ms)[0m  SHOW TABLES
  [1m[36mSQL (1.0ms)[0m  [1mSHOW TABLES[0m
  [1m[35mSQL (0.0ms)[0m  SELECT `schema_migrations`.`version` FROM `schema_migrations`
  [1m[36mSQL (1.0ms)[0m  [1mSHOW TABLES[0m
  [1m[35mSQL (0.0ms)[0m  SHOW TABLES
  [1m[36mSQL (0.0ms)[0m  [1mSELECT `schema_migrations`.`version` FROM `schema_migrations`[0m
  [1m[35mSQL (1.0ms)[0m  SHOW TABLES
  [1m[36mSQL (0.0ms)[0m  [1mSELECT `schema_migrations`.`version` FROM `schema_migrations`[0m
  [1m[35mSQL (2.0ms)[0m  SHOW TABLES
  [1m[36mSQL (0.0ms)[0m  [1mSELECT `schema_migrations`.`version` FROM `schema_migrations`[0m
Migrating to CreateUsers (20110311213901)
  [1m[35mSQL (44.0ms)[0m  DROP TABLE `users`
  [1m[36mAREL (27.0ms)[0m  [1mDELETE FROM `schema_migrations` WHERE `schema_migrations`.`version` = '20110311213901'[0m
  [1m[35mSQL (1.0ms)[0m  SHOW TABLES
  [1m[36mSQL (0.0ms)[0m  [1mSELECT `schema_migrations`.`version` FROM `schema_migrations`[0m
  [1m[35mSQL (0.0ms)[0m  SHOW TABLES
  [1m[36mSQL (1.0ms)[0m  [1mSHOW TABLES[0m
  [1m[35mSQL (1.0ms)[0m  SHOW TABLES
  [1m[36mSQL (0.0ms)[0m  [1mSELECT `schema_migrations`.`version` FROM `schema_migrations`[0m
Migrating to CreateUsers (20110311213901)
  [1m[35mSQL (88.0ms)[0m  CREATE TABLE `users` (`id` int(11) DEFAULT NULL auto_increment PRIMARY KEY, `name` varchar(255), `created_at` datetime, `updated_at` datetime) ENGINE=InnoDB
  [1m[36mSQL (29.0ms)[0m  [1mINSERT INTO `schema_migrations` (`version`) VALUES ('20110311213901')[0m
  [1m[35mSQL (1.0ms)[0m  SHOW TABLES
  [1m[36mSQL (1.0ms)[0m  [1mSELECT `schema_migrations`.`version` FROM `schema_migrations`[0m
  [1m[35mSQL (1.0ms)[0m  SHOW TABLES
  [1m[36mSQL (2.0ms)[0m  [1mdescribe `users`[0m
  [1m[35mSQL (0.0ms)[0m  SHOW KEYS FROM `users`


Started GET "/users" for 127.0.0.1 at 2011-03-11 17:36:59 -0600
  Processing by UsersController#index as HTML
  [1m[36mUser Load (1.0ms)[0m  [1mSELECT `users`.* FROM `users`[0m
Rendered users/index.html.erb within layouts/application (5.0ms)
Completed 200 OK in 202ms (Views: 19.0ms | ActiveRecord: 1.0ms)


Started GET "/users/new" for 127.0.0.1 at 2011-03-11 17:37:11 -0600
  Processing by UsersController#new as HTML
Rendered users/_form.html.erb (5.0ms)
Rendered users/new.html.erb within layouts/application (14.0ms)
Completed 200 OK in 44ms (Views: 28.0ms | ActiveRecord: 0.0ms)


Started POST "/users/create" for 127.0.0.1 at 2011-03-11 17:37:41 -0600
  Processing by UsersController#create as HTML
  Parameters: {"utf8"=>"✓", "authenticity_token"=>"69+jSfCoAzWscPffU9pBWzctUdA+s6YSG8fl14wnWrk=", "user"=>{"name"=>"user1"}, "commit"=>"Guardar"}
  [1m[35mSQL (1.0ms)[0m  BEGIN
  [1m[36mSQL (1.0ms)[0m  [1mSHOW TABLES[0m
  [1m[35mSQL (2.0ms)[0m  describe `users`
  [1m[36mAREL (0.0ms)[0m  [1mINSERT INTO `users` (`name`, `created_at`, `updated_at`) VALUES ('user1', '2011-03-11 23:37:41', '2011-03-11 23:37:41')[0m
  [1m[35mSQL (15.0ms)[0m  COMMIT
Redirected to http://localhost:3000/users
Completed 302 Found in 171ms


Started GET "/users" for 127.0.0.1 at 2011-03-11 17:37:41 -0600
  Processing by UsersController#index as HTML
  [1m[36mUser Load (0.0ms)[0m  [1mSELECT `users`.* FROM `users`[0m
Rendered users/index.html.erb within layouts/application (12.0ms)
Completed 200 OK in 68ms (Views: 29.0ms | ActiveRecord: 19.0ms)


Started GET "/users/new" for 127.0.0.1 at 2011-03-11 17:37:44 -0600
  Processing by UsersController#new as HTML
Rendered users/_form.html.erb (6.0ms)
Rendered users/new.html.erb within layouts/application (16.0ms)
Completed 200 OK in 53ms (Views: 34.0ms | ActiveRecord: 0.0ms)


Started GET "/users" for 127.0.0.1 at 2011-03-11 17:37:46 -0600
  Processing by UsersController#index as HTML
  [1m[35mUser Load (0.0ms)[0m  SELECT `users`.* FROM `users`
Rendered users/index.html.erb within layouts/application (37.0ms)
Completed 200 OK in 66ms (Views: 52.0ms | ActiveRecord: 0.0ms)


Started GET "/users/new" for 127.0.0.1 at 2011-03-11 17:37:48 -0600
  Processing by UsersController#new as HTML
Rendered users/_form.html.erb (5.0ms)
Rendered users/new.html.erb within layouts/application (13.0ms)
Completed 200 OK in 45ms (Views: 29.0ms | ActiveRecord: 0.0ms)


Started GET "/users" for 127.0.0.1 at 2011-03-11 17:37:49 -0600
  Processing by UsersController#index as HTML
  [1m[36mUser Load (1.0ms)[0m  [1mSELECT `users`.* FROM `users`[0m
Rendered users/index.html.erb within layouts/application (12.0ms)
Completed 200 OK in 44ms (Views: 30.0ms | ActiveRecord: 1.0ms)


Started GET "/users/new" for 127.0.0.1 at 2011-03-11 17:37:58 -0600
  Processing by UsersController#new as HTML
Rendered users/_form.html.erb (5.0ms)
Rendered users/new.html.erb within layouts/application (15.0ms)
Completed 200 OK in 51ms (Views: 33.0ms | ActiveRecord: 0.0ms)


Started GET "/users" for 127.0.0.1 at 2011-03-11 17:37:59 -0600
  Processing by UsersController#index as HTML
  [1m[35mUser Load (0.0ms)[0m  SELECT `users`.* FROM `users`
Rendered users/index.html.erb within layouts/application (11.0ms)
Completed 200 OK in 40ms (Views: 26.0ms | ActiveRecord: 0.0ms)


Started GET "/users" for 127.0.0.1 at 2011-03-11 17:38:50 -0600
  Processing by UsersController#index as HTML
  [1m[36mUser Load (1.0ms)[0m  [1mSELECT `users`.* FROM `users`[0m
Rendered users/index.html.erb within layouts/application (10.0ms)
Completed 200 OK in 39ms (Views: 26.0ms | ActiveRecord: 1.0ms)


Started GET "/users/new" for 127.0.0.1 at 2011-03-11 17:38:52 -0600
  Processing by UsersController#new as HTML
Rendered users/_form.html.erb (6.0ms)
Rendered users/new.html.erb within layouts/application (15.0ms)
Completed 200 OK in 49ms (Views: 31.0ms | ActiveRecord: 0.0ms)


Started GET "/users" for 127.0.0.1 at 2011-03-11 17:38:55 -0600
  Processing by UsersController#index as HTML
  [1m[35mUser Load (1.0ms)[0m  SELECT `users`.* FROM `users`
Rendered users/index.html.erb within layouts/application (12.0ms)
Completed 200 OK in 40ms (Views: 27.0ms | ActiveRecord: 1.0ms)


Started GET "/users/new" for 127.0.0.1 at 2011-03-11 17:38:56 -0600
  Processing by UsersController#new as HTML
Rendered users/_form.html.erb (5.0ms)
Rendered users/new.html.erb within layouts/application (14.0ms)
Completed 200 OK in 47ms (Views: 30.0ms | ActiveRecord: 0.0ms)


Started GET "/users" for 127.0.0.1 at 2011-03-11 17:38:57 -0600
  Processing by UsersController#index as HTML
  [1m[36mUser Load (0.0ms)[0m  [1mSELECT `users`.* FROM `users`[0m
Rendered users/index.html.erb within layouts/application (13.0ms)
Completed 200 OK in 72ms (Views: 30.0ms | ActiveRecord: 0.0ms)


Started GET "/users/new" for 127.0.0.1 at 2011-03-11 17:38:58 -0600
  Processing by UsersController#new as HTML
Rendered users/_form.html.erb (6.0ms)
Rendered users/new.html.erb within layouts/application (15.0ms)
Completed 200 OK in 45ms (Views: 30.0ms | ActiveRecord: 0.0ms)


Started GET "/users" for 127.0.0.1 at 2011-03-11 17:38:59 -0600
  Processing by UsersController#index as HTML
  [1m[35mUser Load (0.0ms)[0m  SELECT `users`.* FROM `users`
Rendered users/index.html.erb within layouts/application (11.0ms)
Completed 200 OK in 44ms (Views: 31.0ms | ActiveRecord: 0.0ms)


Started GET "/users/new" for 127.0.0.1 at 2011-03-11 17:39:00 -0600
  Processing by UsersController#new as HTML
Rendered users/_form.html.erb (6.0ms)
Rendered users/new.html.erb within layouts/application (16.0ms)
Completed 200 OK in 54ms (Views: 35.0ms | ActiveRecord: 0.0ms)


Started GET "/users" for 127.0.0.1 at 2011-03-11 17:39:35 -0600
  Processing by UsersController#index as HTML
  [1m[36mUser Load (1.0ms)[0m  [1mSELECT `users`.* FROM `users`[0m
Rendered users/index.html.erb within layouts/application (11.0ms)
Completed 200 OK in 40ms (Views: 27.0ms | ActiveRecord: 1.0ms)


Started GET "/users/new" for 127.0.0.1 at 2011-03-11 17:39:38 -0600
  Processing by UsersController#new as HTML
Rendered users/_form.html.erb (4.0ms)
Rendered users/new.html.erb within layouts/application (14.0ms)
Completed 200 OK in 43ms (Views: 28.0ms | ActiveRecord: 0.0ms)


Started GET "/users" for 127.0.0.1 at 2011-03-11 17:39:41 -0600
  Processing by UsersController#index as HTML
  [1m[35mUser Load (0.0ms)[0m  SELECT `users`.* FROM `users`
Rendered users/index.html.erb within layouts/application (13.0ms)
Completed 200 OK in 43ms (Views: 28.0ms | ActiveRecord: 0.0ms)


Started GET "/users/new" for 127.0.0.1 at 2011-03-11 17:39:43 -0600
  Processing by UsersController#new as HTML
Rendered users/_form.html.erb (5.0ms)
Rendered users/new.html.erb within layouts/application (14.0ms)
Completed 200 OK in 71ms (Views: 54.0ms | ActiveRecord: 0.0ms)


Started GET "/users" for 127.0.0.1 at 2011-03-11 17:39:46 -0600
  Processing by UsersController#index as HTML
  [1m[36mUser Load (1.0ms)[0m  [1mSELECT `users`.* FROM `users`[0m
Rendered users/index.html.erb within layouts/application (13.0ms)
Completed 200 OK in 43ms (Views: 29.0ms | ActiveRecord: 1.0ms)


Started GET "/users/new" for 127.0.0.1 at 2011-03-11 17:41:48 -0600
  Processing by UsersController#new as HTML
Rendered users/_form.html.erb (4.0ms)
Rendered users/new.html.erb within layouts/application (62.0ms)
Completed 200 OK in 120ms (Views: 80.0ms | ActiveRecord: 0.0ms)


Started GET "/users" for 127.0.0.1 at 2011-03-11 17:41:50 -0600
  Processing by UsersController#index as HTML
  [1m[35mUser Load (1.0ms)[0m  SELECT `users`.* FROM `users`
Rendered users/index.html.erb within layouts/application (14.0ms)
Completed 200 OK in 43ms (Views: 30.0ms | ActiveRecord: 1.0ms)


Started GET "/users/new" for 127.0.0.1 at 2011-03-11 17:41:51 -0600
  Processing by UsersController#new as HTML
Rendered users/_form.html.erb (5.0ms)
Rendered users/new.html.erb within layouts/application (16.0ms)
Completed 200 OK in 48ms (Views: 32.0ms | ActiveRecord: 0.0ms)


Started GET "/users" for 127.0.0.1 at 2011-03-11 18:07:14 -0600
  Processing by UsersController#index as HTML
  [1m[36mUser Load (0.0ms)[0m  [1mSELECT `users`.* FROM `users`[0m
Rendered users/index.html.erb within layouts/application (12.0ms)
Completed 200 OK in 46ms (Views: 31.0ms | ActiveRecord: 0.0ms)


Started GET "/users/new" for 127.0.0.1 at 2011-03-11 18:07:17 -0600
  Processing by UsersController#new as HTML
Rendered users/_form.html.erb (5.0ms)
Rendered users/new.html.erb within layouts/application (16.0ms)
Completed 200 OK in 48ms (Views: 32.0ms | ActiveRecord: 0.0ms)


Started GET "/users" for 127.0.0.1 at 2011-03-11 18:13:14 -0600
  Processing by UsersController#index as HTML
  [1m[35mUser Load (1.0ms)[0m  SELECT `users`.* FROM `users`
Rendered users/index.html.erb within layouts/application (16.0ms)
Completed 200 OK in 46ms (Views: 32.0ms | ActiveRecord: 1.0ms)


Started GET "/users" for 127.0.0.1 at 2011-03-11 18:13:18 -0600
  Processing by UsersController#index as HTML
  [1m[36mUser Load (1.0ms)[0m  [1mSELECT `users`.* FROM `users`[0m
Rendered users/index.html.erb within layouts/application (14.0ms)
Completed 200 OK in 56ms (Views: 32.0ms | ActiveRecord: 1.0ms)


Started GET "/users/new" for 127.0.0.1 at 2011-03-11 18:13:33 -0600
  Processing by UsersController#new as HTML
Rendered users/_form.html.erb (4.0ms)
Rendered users/new.html.erb within layouts/application (14.0ms)
Completed 200 OK in 48ms (Views: 30.0ms | ActiveRecord: 0.0ms)


Started GET "/users" for 127.0.0.1 at 2011-03-11 18:13:37 -0600
  Processing by UsersController#index as HTML
  [1m[35mUser Load (0.0ms)[0m  SELECT `users`.* FROM `users`
Rendered users/index.html.erb within layouts/application (11.0ms)
Completed 200 OK in 70ms (Views: 28.0ms | ActiveRecord: 0.0ms)


Started GET "/users/new" for 127.0.0.1 at 2011-03-11 18:13:40 -0600
  Processing by UsersController#new as HTML
Rendered users/_form.html.erb (5.0ms)
Rendered users/new.html.erb within layouts/application (14.0ms)
Completed 200 OK in 46ms (Views: 30.0ms | ActiveRecord: 0.0ms)


Started GET "/users" for 127.0.0.1 at 2011-03-11 18:13:48 -0600
  Processing by UsersController#index as HTML
  [1m[36mUser Load (1.0ms)[0m  [1mSELECT `users`.* FROM `users`[0m
Rendered users/index.html.erb within layouts/application (13.0ms)
Completed 200 OK in 43ms (Views: 29.0ms | ActiveRecord: 1.0ms)


Started GET "/users/new" for 127.0.0.1 at 2011-03-11 18:13:52 -0600
  Processing by UsersController#new as HTML
Rendered users/_form.html.erb (5.0ms)
Rendered users/new.html.erb within layouts/application (14.0ms)
Completed 200 OK in 44ms (Views: 29.0ms | ActiveRecord: 0.0ms)


Started GET "/users" for 127.0.0.1 at 2011-03-11 18:13:53 -0600
  Processing by UsersController#index as HTML
  [1m[35mUser Load (0.0ms)[0m  SELECT `users`.* FROM `users`
Rendered users/index.html.erb within layouts/application (12.0ms)
Completed 200 OK in 43ms (Views: 29.0ms | ActiveRecord: 0.0ms)


Started GET "/users/new" for 127.0.0.1 at 2011-03-11 18:13:54 -0600
  Processing by UsersController#new as HTML
Rendered users/_form.html.erb (5.0ms)
Rendered users/new.html.erb within layouts/application (40.0ms)
Completed 200 OK in 73ms (Views: 56.0ms | ActiveRecord: 0.0ms)


Started GET "/users" for 127.0.0.1 at 2011-03-11 18:13:55 -0600
  Processing by UsersController#index as HTML
  [1m[36mUser Load (0.0ms)[0m  [1mSELECT `users`.* FROM `users`[0m
Rendered users/index.html.erb within layouts/application (11.0ms)
Completed 200 OK in 43ms (Views: 28.0ms | ActiveRecord: 0.0ms)


Started GET "/users/new" for 127.0.0.1 at 2011-03-11 18:13:56 -0600
  Processing by UsersController#new as HTML
Rendered users/_form.html.erb (5.0ms)
Rendered users/new.html.erb within layouts/application (14.0ms)
Completed 200 OK in 46ms (Views: 29.0ms | ActiveRecord: 0.0ms)


Started GET "/users" for 127.0.0.1 at 2011-03-11 18:14:02 -0600
  Processing by UsersController#index as HTML
  [1m[35mUser Load (1.0ms)[0m  SELECT `users`.* FROM `users`
Rendered users/index.html.erb within layouts/application (11.0ms)
Completed 200 OK in 43ms (Views: 26.0ms | ActiveRecord: 1.0ms)


Started GET "/users/new" for 127.0.0.1 at 2011-03-11 18:14:04 -0600
  Processing by UsersController#new as HTML
Rendered users/_form.html.erb (5.0ms)
Rendered users/new.html.erb within layouts/application (14.0ms)
Completed 200 OK in 47ms (Views: 29.0ms | ActiveRecord: 0.0ms)


Started GET "/users" for 127.0.0.1 at 2011-03-11 18:14:09 -0600
  Processing by UsersController#index as HTML
  [1m[36mUser Load (0.0ms)[0m  [1mSELECT `users`.* FROM `users`[0m
Rendered users/index.html.erb within layouts/application (13.0ms)
Completed 200 OK in 44ms (Views: 31.0ms | ActiveRecord: 0.0ms)


Started GET "/users/new" for 127.0.0.1 at 2011-03-11 18:14:10 -0600
  Processing by UsersController#new as HTML
Rendered users/_form.html.erb (5.0ms)
Rendered users/new.html.erb within layouts/application (13.0ms)
Completed 200 OK in 49ms (Views: 30.0ms | ActiveRecord: 0.0ms)


Started GET "/users" for 127.0.0.1 at 2011-03-11 18:14:11 -0600
  Processing by UsersController#index as HTML
  [1m[35mUser Load (0.0ms)[0m  SELECT `users`.* FROM `users`
Rendered users/index.html.erb within layouts/application (14.0ms)
Completed 200 OK in 46ms (Views: 30.0ms | ActiveRecord: 0.0ms)


Started GET "/users/new" for 127.0.0.1 at 2011-03-11 18:14:12 -0600
  Processing by UsersController#new as HTML
Rendered users/_form.html.erb (5.0ms)
Rendered users/new.html.erb within layouts/application (14.0ms)
Completed 200 OK in 72ms (Views: 29.0ms | ActiveRecord: 0.0ms)


Started GET "/users" for 127.0.0.1 at 2011-03-11 18:14:13 -0600
  Processing by UsersController#index as HTML
  [1m[36mUser Load (1.0ms)[0m  [1mSELECT `users`.* FROM `users`[0m
Rendered users/index.html.erb within layouts/application (12.0ms)
Completed 200 OK in 42ms (Views: 29.0ms | ActiveRecord: 1.0ms)


Started GET "/users/new" for 127.0.0.1 at 2011-03-11 18:14:14 -0600
  Processing by UsersController#new as HTML
Rendered users/_form.html.erb (5.0ms)
Rendered users/new.html.erb within layouts/application (15.0ms)
Completed 200 OK in 45ms (Views: 30.0ms | ActiveRecord: 0.0ms)


Started GET "/users" for 127.0.0.1 at 2011-03-11 18:16:52 -0600
  Processing by UsersController#index as HTML
  [1m[35mUser Load (0.0ms)[0m  SELECT `users`.* FROM `users`
Rendered users/index.html.erb within layouts/application (11.0ms)
Completed 200 OK in 46ms (Views: 32.0ms | ActiveRecord: 0.0ms)


Started GET "/users/new" for 127.0.0.1 at 2011-03-11 18:16:54 -0600
  Processing by UsersController#new as HTML
Rendered users/_form.html.erb (6.0ms)
Rendered users/new.html.erb within layouts/application (17.0ms)
Completed 200 OK in 60ms (Views: 40.0ms | ActiveRecord: 0.0ms)


Started GET "/users" for 127.0.0.1 at 2011-03-11 18:21:13 -0600
  Processing by UsersController#index as HTML
  [1m[36mUser Load (1.0ms)[0m  [1mSELECT `users`.* FROM `users`[0m
Rendered users/index.html.erb within layouts/application (13.0ms)
Completed 200 OK in 47ms (Views: 30.0ms | ActiveRecord: 1.0ms)


Started GET "/users" for 127.0.0.1 at 2011-03-11 18:21:13 -0600
  Processing by UsersController#index as HTML
  [1m[35mUser Load (1.0ms)[0m  SELECT `users`.* FROM `users`
Rendered users/index.html.erb within layouts/application (14.0ms)
Completed 200 OK in 52ms (Views: 35.0ms | ActiveRecord: 1.0ms)


Started GET "/users/new" for 127.0.0.1 at 2011-03-11 18:21:14 -0600
  Processing by UsersController#new as HTML
Rendered users/_form.html.erb (5.0ms)
Rendered users/new.html.erb within layouts/application (14.0ms)
Completed 200 OK in 45ms (Views: 29.0ms | ActiveRecord: 0.0ms)


Started POST "/users/create" for 127.0.0.1 at 2011-03-11 18:21:15 -0600
  Processing by UsersController#create as HTML
  Parameters: {"utf8"=>"✓", "authenticity_token"=>"69+jSfCoAzWscPffU9pBWzctUdA+s6YSG8fl14wnWrk=", "user"=>{"name"=>""}, "commit"=>"Guardar"}
  [1m[36mSQL (1.0ms)[0m  [1mBEGIN[0m
  [1m[35mSQL (0.0ms)[0m  ROLLBACK
Rendered users/_form.html.erb (1.0ms)
Rendered users/new.html.erb within layouts/application (11.0ms)
Completed 200 OK in 123ms (Views: 26.0ms | ActiveRecord: 1.0ms)


Started GET "/users" for 127.0.0.1 at 2011-03-11 18:21:52 -0600
  Processing by UsersController#index as HTML
  [1m[36mUser Load (1.0ms)[0m  [1mSELECT `users`.* FROM `users`[0m
Rendered users/index.html.erb within layouts/application (14.0ms)
Completed 200 OK in 71ms (Views: 34.0ms | ActiveRecord: 1.0ms)


Started GET "/users/new" for 127.0.0.1 at 2011-03-11 18:21:53 -0600
  Processing by UsersController#new as HTML
Rendered users/_form.html.erb (5.0ms)
Rendered users/new.html.erb within layouts/application (13.0ms)
Completed 200 OK in 50ms (Views: 31.0ms | ActiveRecord: 0.0ms)


Started POST "/users/create" for 127.0.0.1 at 2011-03-11 18:21:59 -0600
  Processing by UsersController#create as HTML
  Parameters: {"utf8"=>"✓", "authenticity_token"=>"69+jSfCoAzWscPffU9pBWzctUdA+s6YSG8fl14wnWrk=", "user"=>{"name"=>"user1"}, "commit"=>"Guardar"}
  [1m[35mSQL (1.0ms)[0m  BEGIN
  [1m[36mSQL (3.0ms)[0m  [1mdescribe `users`[0m
  [1m[35mAREL (0.0ms)[0m  INSERT INTO `users` (`name`, `created_at`, `updated_at`) VALUES ('user1', '2011-03-12 00:21:59', '2011-03-12 00:21:59')
  [1m[36mSQL (80.0ms)[0m  [1mCOMMIT[0m
Redirected to http://localhost:3000/users
Completed 302 Found in 113ms


Started GET "/users" for 127.0.0.1 at 2011-03-11 18:21:59 -0600
  Processing by UsersController#index as HTML
  [1m[35mUser Load (1.0ms)[0m  SELECT `users`.* FROM `users`
Rendered users/index.html.erb within layouts/application (14.0ms)
Completed 200 OK in 45ms (Views: 31.0ms | ActiveRecord: 85.0ms)


Started GET "/users/new" for 127.0.0.1 at 2011-03-11 19:13:03 -0600
  Processing by UsersController#new as HTML
Rendered users/_form.html.erb (5.0ms)
Rendered users/new.html.erb within layouts/application (14.0ms)
Completed 200 OK in 48ms (Views: 29.0ms | ActiveRecord: 0.0ms)


Started POST "/users/create" for 127.0.0.1 at 2011-03-11 19:13:06 -0600
  Processing by UsersController#create as HTML
  Parameters: {"utf8"=>"✓", "authenticity_token"=>"69+jSfCoAzWscPffU9pBWzctUdA+s6YSG8fl14wnWrk=", "user"=>{"name"=>""}, "commit"=>"Guardar"}
  [1m[36mSQL (1.0ms)[0m  [1mBEGIN[0m
  [1m[35mSQL (0.0ms)[0m  ROLLBACK
Rendered users/_form.html.erb (1.0ms)
Rendered users/new.html.erb within layouts/application (10.0ms)
Completed 200 OK in 47ms (Views: 25.0ms | ActiveRecord: 1.0ms)


Started GET "/users/" for 127.0.0.1 at 2011-03-11 19:14:03 -0600
  Processing by UsersController#index as HTML
  [1m[36mUser Load (0.0ms)[0m  [1mSELECT `users`.* FROM `users`[0m
Rendered users/index.html.erb within layouts/application (12.0ms)
Completed 200 OK in 44ms (Views: 29.0ms | ActiveRecord: 0.0ms)


Started GET "/users/new" for 127.0.0.1 at 2011-03-11 19:14:04 -0600
  Processing by UsersController#new as HTML
Rendered users/_form.html.erb (6.0ms)
Rendered users/new.html.erb within layouts/application (16.0ms)
Completed 200 OK in 53ms (Views: 37.0ms | ActiveRecord: 0.0ms)


Started POST "/users/create" for 127.0.0.1 at 2011-03-11 19:14:08 -0600
  Processing by UsersController#create as HTML
  Parameters: {"utf8"=>"✓", "authenticity_token"=>"69+jSfCoAzWscPffU9pBWzctUdA+s6YSG8fl14wnWrk=", "user"=>{"name"=>""}, "commit"=>"Guardar"}
  [1m[35mSQL (1.0ms)[0m  BEGIN
  [1m[36mSQL (2.0ms)[0m  [1mdescribe `users`[0m
  [1m[35mAREL (0.0ms)[0m  INSERT INTO `users` (`name`, `created_at`, `updated_at`) VALUES ('', '2011-03-12 01:14:08', '2011-03-12 01:14:08')
  [1m[36mSQL (52.0ms)[0m  [1mCOMMIT[0m
Redirected to http://localhost:3000/users
Completed 302 Found in 105ms


Started GET "/users" for 127.0.0.1 at 2011-03-11 19:14:08 -0600
  Processing by UsersController#index as HTML
  [1m[35mUser Load (0.0ms)[0m  SELECT `users`.* FROM `users`
Rendered users/index.html.erb within layouts/application (11.0ms)
Completed 200 OK in 42ms (Views: 27.0ms | ActiveRecord: 55.0ms)


Started GET "/users" for 127.0.0.1 at 2011-03-11 19:15:02 -0600
  Processing by UsersController#index as HTML
  [1m[36mUser Load (0.0ms)[0m  [1mSELECT `users`.* FROM `users`[0m
Rendered users/index.html.erb within layouts/application (12.0ms)
Completed 200 OK in 41ms (Views: 27.0ms | ActiveRecord: 0.0ms)


Started GET "/users/new" for 127.0.0.1 at 2011-03-11 19:15:04 -0600
  Processing by UsersController#new as HTML
Rendered users/_form.html.erb (5.0ms)
Rendered users/new.html.erb within layouts/application (56.0ms)
Completed 200 OK in 89ms (Views: 72.0ms | ActiveRecord: 0.0ms)


Started POST "/users/create" for 127.0.0.1 at 2011-03-11 19:15:05 -0600
  Processing by UsersController#create as HTML
  Parameters: {"utf8"=>"✓", "authenticity_token"=>"69+jSfCoAzWscPffU9pBWzctUdA+s6YSG8fl14wnWrk=", "user"=>{"name"=>""}, "commit"=>"Guardar"}
  [1m[35mSQL (0.0ms)[0m  BEGIN
  [1m[36mSQL (0.0ms)[0m  [1mROLLBACK[0m
Rendered users/_form.html.erb (1.0ms)
Rendered users/new.html.erb within layouts/application (10.0ms)
Completed 200 OK in 48ms (Views: 25.0ms | ActiveRecord: 0.0ms)


Started GET "/users" for 127.0.0.1 at 2011-03-11 23:46:16 -0600
  Processing by UsersController#index as HTML
  [1m[35mUser Load (1.0ms)[0m  SELECT `users`.* FROM `users`
Rendered users/index.html.erb within layouts/application (12.0ms)
Completed 200 OK in 45ms (Views: 30.0ms | ActiveRecord: 1.0ms)


Started GET "/users/new" for 127.0.0.1 at 2011-03-11 23:46:17 -0600
  Processing by UsersController#new as HTML
Rendered users/_form.html.erb (5.0ms)
Rendered users/new.html.erb within layouts/application (15.0ms)
Completed 200 OK in 48ms (Views: 30.0ms | ActiveRecord: 0.0ms)


Started GET "/users" for 127.0.0.1 at 2011-03-11 23:46:19 -0600
  Processing by UsersController#index as HTML
  [1m[36mUser Load (0.0ms)[0m  [1mSELECT `users`.* FROM `users`[0m
Rendered users/index.html.erb within layouts/application (11.0ms)
Completed 200 OK in 40ms (Views: 26.0ms | ActiveRecord: 0.0ms)


Started GET "/users/new" for 127.0.0.1 at 2011-03-11 23:46:20 -0600
  Processing by UsersController#new as HTML
Rendered users/_form.html.erb (5.0ms)
Rendered users/new.html.erb within layouts/application (14.0ms)
Completed 200 OK in 46ms (Views: 29.0ms | ActiveRecord: 0.0ms)


Started GET "/users" for 127.0.0.1 at 2011-03-12 00:02:16 -0600
  Processing by UsersController#index as HTML
  [1m[35mUser Load (0.0ms)[0m  SELECT `users`.* FROM `users`
Rendered users/index.html.erb within layouts/application (13.0ms)
Completed 200 OK in 41ms (Views: 27.0ms | ActiveRecord: 0.0ms)


Started GET "/users/new" for 127.0.0.1 at 2011-03-12 00:02:19 -0600
  Processing by UsersController#new as HTML
Rendered users/_form.html.erb (27.0ms)
Rendered users/new.html.erb within layouts/application (36.0ms)
Completed 200 OK in 67ms (Views: 51.0ms | ActiveRecord: 0.0ms)


Started GET "/users" for 127.0.0.1 at 2011-03-12 00:02:20 -0600
  Processing by UsersController#index as HTML
  [1m[36mUser Load (0.0ms)[0m  [1mSELECT `users`.* FROM `users`[0m
Rendered users/index.html.erb within layouts/application (12.0ms)
Completed 200 OK in 40ms (Views: 26.0ms | ActiveRecord: 0.0ms)


Started GET "/users" for 127.0.0.1 at 2011-03-12 00:02:25 -0600
  Processing by UsersController#index as HTML
  [1m[35mUser Load (1.0ms)[0m  SELECT `users`.* FROM `users`
Rendered users/index.html.erb within layouts/application (13.0ms)
Completed 200 OK in 47ms (Views: 31.0ms | ActiveRecord: 1.0ms)


Started GET "/users/new" for 127.0.0.1 at 2011-03-12 00:07:55 -0600
  Processing by UsersController#new as HTML
Rendered users/_form.html.erb (5.0ms)
Rendered users/new.html.erb within layouts/application (15.0ms)
Completed 200 OK in 48ms (Views: 31.0ms | ActiveRecord: 0.0ms)


Started GET "/users" for 127.0.0.1 at 2011-03-12 00:07:56 -0600
  Processing by UsersController#index as HTML
  [1m[36mUser Load (0.0ms)[0m  [1mSELECT `users`.* FROM `users`[0m
Rendered users/index.html.erb within layouts/application (11.0ms)
Completed 200 OK in 40ms (Views: 27.0ms | ActiveRecord: 0.0ms)


Started GET "/users/new" for 127.0.0.1 at 2011-03-12 00:07:57 -0600
  Processing by UsersController#new as HTML
Rendered users/_form.html.erb (5.0ms)
Rendered users/new.html.erb within layouts/application (13.0ms)
Completed 200 OK in 44ms (Views: 27.0ms | ActiveRecord: 0.0ms)


Started GET "/users" for 127.0.0.1 at 2011-03-12 00:08:23 -0600
  Processing by UsersController#index as HTML
  [1m[35mUser Load (1.0ms)[0m  SELECT `users`.* FROM `users`
Rendered users/index.html.erb within layouts/application (12.0ms)
Completed 200 OK in 64ms (Views: 50.0ms | ActiveRecord: 1.0ms)


Started GET "/users/new" for 127.0.0.1 at 2011-03-12 00:08:25 -0600
  Processing by UsersController#new as HTML
Rendered users/_form.html.erb (4.0ms)
Rendered users/new.html.erb within layouts/application (12.0ms)
Completed 200 OK in 44ms (Views: 27.0ms | ActiveRecord: 0.0ms)


Started GET "/users" for 127.0.0.1 at 2011-03-12 00:08:26 -0600
  Processing by UsersController#index as HTML
  [1m[36mUser Load (2.0ms)[0m  [1mSELECT `users`.* FROM `users`[0m
Rendered users/index.html.erb within layouts/application (12.0ms)
Completed 200 OK in 43ms (Views: 27.0ms | ActiveRecord: 2.0ms)


Started GET "/users/new" for 127.0.0.1 at 2011-03-12 00:08:27 -0600
  Processing by UsersController#new as HTML
Rendered users/_form.html.erb (5.0ms)
Rendered users/new.html.erb within layouts/application (14.0ms)
Completed 200 OK in 45ms (Views: 29.0ms | ActiveRecord: 0.0ms)


Started GET "/users" for 127.0.0.1 at 2011-03-12 00:08:27 -0600
  Processing by UsersController#index as HTML
  [1m[35mUser Load (0.0ms)[0m  SELECT `users`.* FROM `users`
Rendered users/index.html.erb within layouts/application (11.0ms)
Completed 200 OK in 40ms (Views: 26.0ms | ActiveRecord: 0.0ms)


Started GET "/users/new" for 127.0.0.1 at 2011-03-12 00:08:28 -0600
  Processing by UsersController#new as HTML
Rendered users/_form.html.erb (5.0ms)
Rendered users/new.html.erb within layouts/application (38.0ms)
Completed 200 OK in 71ms (Views: 54.0ms | ActiveRecord: 0.0ms)


Started GET "/users" for 127.0.0.1 at 2011-03-12 00:08:29 -0600
  Processing by UsersController#index as HTML
  [1m[36mUser Load (0.0ms)[0m  [1mSELECT `users`.* FROM `users`[0m
Rendered users/index.html.erb within layouts/application (11.0ms)
Completed 200 OK in 40ms (Views: 25.0ms | ActiveRecord: 0.0ms)


Started GET "/users/new" for 127.0.0.1 at 2011-03-12 00:08:30 -0600
  Processing by UsersController#new as HTML
Rendered users/_form.html.erb (5.0ms)
Rendered users/new.html.erb within layouts/application (13.0ms)
Completed 200 OK in 50ms (Views: 29.0ms | ActiveRecord: 0.0ms)


Started GET "/users" for 127.0.0.1 at 2011-03-12 00:08:31 -0600
  Processing by UsersController#index as HTML
  [1m[35mUser Load (1.0ms)[0m  SELECT `users`.* FROM `users`
Rendered users/index.html.erb within layouts/application (11.0ms)
Completed 200 OK in 41ms (Views: 27.0ms | ActiveRecord: 1.0ms)


Started GET "/users/new" for 127.0.0.1 at 2011-03-12 00:08:32 -0600
  Processing by UsersController#new as HTML
Rendered users/_form.html.erb (4.0ms)
Rendered users/new.html.erb within layouts/application (13.0ms)
Completed 200 OK in 45ms (Views: 28.0ms | ActiveRecord: 0.0ms)


Started GET "/users" for 127.0.0.1 at 2011-03-12 00:08:33 -0600
  Processing by UsersController#index as HTML
  [1m[36mUser Load (1.0ms)[0m  [1mSELECT `users`.* FROM `users`[0m
Rendered users/index.html.erb within layouts/application (11.0ms)
Completed 200 OK in 40ms (Views: 26.0ms | ActiveRecord: 1.0ms)


Started GET "/users/new" for 127.0.0.1 at 2011-03-12 00:08:33 -0600
  Processing by UsersController#new as HTML
Rendered users/_form.html.erb (5.0ms)
Rendered users/new.html.erb within layouts/application (13.0ms)
Completed 200 OK in 45ms (Views: 28.0ms | ActiveRecord: 0.0ms)


Started GET "/users" for 127.0.0.1 at 2011-03-12 00:08:34 -0600
  Processing by UsersController#index as HTML
  [1m[35mUser Load (0.0ms)[0m  SELECT `users`.* FROM `users`
Rendered users/index.html.erb within layouts/application (11.0ms)
Completed 200 OK in 42ms (Views: 27.0ms | ActiveRecord: 0.0ms)


Started GET "/users/new" for 127.0.0.1 at 2011-03-12 00:08:35 -0600
  Processing by UsersController#new as HTML
Rendered users/_form.html.erb (4.0ms)
Rendered users/new.html.erb within layouts/application (13.0ms)
Completed 200 OK in 70ms (Views: 30.0ms | ActiveRecord: 0.0ms)


Started GET "/users" for 127.0.0.1 at 2011-03-12 01:14:09 -0600
  Processing by UsersController#index as HTML
  [1m[36mUser Load (1.0ms)[0m  [1mSELECT `users`.* FROM `users`[0m
Rendered users/index.html.erb within layouts/application (12.0ms)
Completed 200 OK in 43ms (Views: 29.0ms | ActiveRecord: 1.0ms)


Started GET "/users/new" for 127.0.0.1 at 2011-03-12 01:14:14 -0600
  Processing by UsersController#new as HTML
Rendered users/_form.html.erb (5.0ms)
Rendered users/new.html.erb within layouts/application (13.0ms)
Completed 200 OK in 44ms (Views: 28.0ms | ActiveRecord: 0.0ms)


Started GET "/users" for 127.0.0.1 at 2011-03-12 09:12:38 -0600
  Processing by UsersController#index as HTML
  [1m[35mUser Load (1.0ms)[0m  SELECT `users`.* FROM `users`
Rendered users/index.html.erb within layouts/application (16.0ms)
Completed 200 OK in 60ms (Views: 38.0ms | ActiveRecord: 1.0ms)


Started GET "/users/new" for 127.0.0.1 at 2011-03-12 09:12:42 -0600
  Processing by UsersController#new as HTML
Rendered users/_form.html.erb (10.0ms)
Rendered users/new.html.erb within layouts/application (29.0ms)
Completed 200 OK in 94ms (Views: 61.0ms | ActiveRecord: 0.0ms)


Started GET "/users" for 127.0.0.1 at 2011-03-12 15:24:09 -0600
  Processing by UsersController#index as HTML
  [1m[36mUser Load (1.0ms)[0m  [1mSELECT `users`.* FROM `users`[0m
Rendered users/index.html.erb within layouts/application (139.0ms)
Completed 200 OK in 311ms (Views: 199.0ms | ActiveRecord: 1.0ms)


Started GET "/users/new" for 127.0.0.1 at 2011-03-12 15:24:12 -0600
  Processing by UsersController#new as HTML
Rendered users/_form.html.erb (30.0ms)
Rendered users/new.html.erb within layouts/application (55.0ms)
Completed 200 OK in 136ms (Views: 73.0ms | ActiveRecord: 0.0ms)


Started GET "/users" for 127.0.0.1 at 2011-03-12 15:24:13 -0600
  Processing by UsersController#index as HTML
  [1m[35mUser Load (8.0ms)[0m  SELECT `users`.* FROM `users`
Rendered users/index.html.erb within layouts/application (117.0ms)
Completed 200 OK in 257ms (Views: 133.0ms | ActiveRecord: 8.0ms)


Started GET "/users" for 127.0.0.1 at 2011-03-12 15:46:06 -0600
  Processing by UsersController#index as HTML
  [1m[36mUser Load (0.0ms)[0m  [1mSELECT `users`.* FROM `users`[0m
Rendered users/index.html.erb within layouts/application (16.0ms)
Completed 200 OK in 62ms (Views: 41.0ms | ActiveRecord: 0.0ms)


Started GET "/posts" for 127.0.0.1 at 2011-03-12 15:46:10 -0600

ActionController::RoutingError (No route matches "/posts"):
  

Rendered C:/Ruby192/lib/ruby/gems/1.9.1/gems/actionpack-3.0.4/lib/action_dispatch/middleware/templates/rescues/routing_error.erb within rescues/layout (2.0ms)


Started GET "/posts" for 127.0.0.1 at 2011-03-12 15:46:21 -0600

ActionController::RoutingError (No route matches "/posts"):
  

Rendered C:/Ruby192/lib/ruby/gems/1.9.1/gems/actionpack-3.0.4/lib/action_dispatch/middleware/templates/rescues/routing_error.erb within rescues/layout (2.0ms)


Started GET "/users" for 127.0.0.1 at 2011-03-30 15:06:44 -0600
  Processing by UsersController#index as HTML
  [1m[36mUser Load (347.0ms)[0m  [1mSELECT `users`.* FROM `users`[0m
Rendered users/index.html.erb within layouts/application (99.0ms)
Completed 200 OK in 903ms (Views: 226.0ms | ActiveRecord: 347.0ms)


Started GET "/users/new" for 127.0.0.1 at 2011-03-30 15:06:54 -0600
  Processing by UsersController#new as HTML
Rendered users/_form.html.erb (5.0ms)
Rendered users/new.html.erb within layouts/application (16.0ms)
Completed 200 OK in 61ms (Views: 44.0ms | ActiveRecord: 0.0ms)


Started GET "/users/new" for 127.0.0.1 at 2011-03-30 15:06:58 -0600
  Processing by UsersController#new as HTML
Rendered users/_form.html.erb (4.0ms)
Rendered users/new.html.erb within layouts/application (13.0ms)
Completed 200 OK in 44ms (Views: 28.0ms | ActiveRecord: 0.0ms)


Started POST "/users/create" for 127.0.0.1 at 2011-03-30 15:07:03 -0600
  Processing by UsersController#create as HTML
  Parameters: {"utf8"=>"✓", "authenticity_token"=>"tlbcdMfz0trmInFQxapZU69K9UDBP0+U7mRMBvVU75g=", "user"=>{"name"=>"user2"}, "commit"=>"Guardar"}
  [1m[35mSQL (0.0ms)[0m  BEGIN
  [1m[36mSQL (27.0ms)[0m  [1mSHOW TABLES[0m
  [1m[35mSQL (3.0ms)[0m  describe `users`
  [1m[36mAREL (76.0ms)[0m  [1mINSERT INTO `users` (`name`, `created_at`, `updated_at`) VALUES ('user2', '2011-03-30 21:07:04', '2011-03-30 21:07:04')[0m
  [1m[35mSQL (44.0ms)[0m  COMMIT
Redirected to http://localhost:3000/users
Completed 302 Found in 254ms


Started GET "/users" for 127.0.0.1 at 2011-03-30 15:07:04 -0600
  Processing by UsersController#index as HTML
  [1m[36mUser Load (0.0ms)[0m  [1mSELECT `users`.* FROM `users`[0m
Rendered users/index.html.erb within layouts/application (12.0ms)
Completed 200 OK in 39ms (Views: 26.0ms | ActiveRecord: 0.0ms)


Started GET "/users" for 127.0.0.1 at 2011-04-07 00:35:38 -0500
  Processing by UsersController#index as HTML
  [1m[36mUser Load (488.0ms)[0m  [1mSELECT `users`.* FROM `users`[0m
Rendered users/index.html.erb within layouts/application (133.0ms)
Completed 200 OK in 1056ms (Views: 209.0ms | ActiveRecord: 488.0ms)


Started GET "/users/new" for 127.0.0.1 at 2011-04-07 00:35:52 -0500
  Processing by UsersController#new as HTML
Rendered users/_form.html.erb (4.0ms)
Rendered users/new.html.erb within layouts/application (28.0ms)
Completed 200 OK in 105ms (Views: 59.0ms | ActiveRecord: 0.0ms)


Started GET "/users" for 127.0.0.1 at 2011-04-07 00:35:55 -0500
  Processing by UsersController#index as HTML
  [1m[35mUser Load (1.0ms)[0m  SELECT `users`.* FROM `users`
Rendered users/index.html.erb within layouts/application (10.0ms)
Completed 200 OK in 62ms (Views: 26.0ms | ActiveRecord: 1.0ms)


Started GET "/users/new" for 127.0.0.1 at 2011-04-07 00:35:56 -0500
  Processing by UsersController#new as HTML
Rendered users/_form.html.erb (4.0ms)
Rendered users/new.html.erb within layouts/application (13.0ms)
Completed 200 OK in 43ms (Views: 28.0ms | ActiveRecord: 0.0ms)


Started GET "/users" for 127.0.0.1 at 2011-04-07 00:35:57 -0500
  Processing by UsersController#index as HTML
  [1m[36mUser Load (1.0ms)[0m  [1mSELECT `users`.* FROM `users`[0m
Rendered users/index.html.erb within layouts/application (12.0ms)
Completed 200 OK in 40ms (Views: 27.0ms | ActiveRecord: 1.0ms)


Started GET "/users/new" for 127.0.0.1 at 2011-04-07 00:35:58 -0500
  Processing by UsersController#new as HTML
Rendered users/_form.html.erb (8.0ms)
Rendered users/new.html.erb within layouts/application (47.0ms)
Completed 200 OK in 86ms (Views: 65.0ms | ActiveRecord: 0.0ms)


Started GET "/users" for 127.0.0.1 at 2011-04-07 00:35:59 -0500
  Processing by UsersController#index as HTML
  [1m[35mUser Load (1.0ms)[0m  SELECT `users`.* FROM `users`
Rendered users/index.html.erb within layouts/application (14.0ms)
Completed 200 OK in 43ms (Views: 30.0ms | ActiveRecord: 1.0ms)


Started GET "/users/new" for 127.0.0.1 at 2011-04-07 00:36:01 -0500
  Processing by UsersController#new as HTML
Rendered users/_form.html.erb (4.0ms)
Rendered users/new.html.erb within layouts/application (13.0ms)
Completed 200 OK in 55ms (Views: 29.0ms | ActiveRecord: 0.0ms)


Started GET "/users" for 127.0.0.1 at 2011-04-07 00:36:03 -0500
  Processing by UsersController#index as HTML
  [1m[36mUser Load (0.0ms)[0m  [1mSELECT `users`.* FROM `users`[0m
Rendered users/index.html.erb within layouts/application (11.0ms)
Completed 200 OK in 41ms (Views: 27.0ms | ActiveRecord: 0.0ms)


Started GET "/users/new" for 127.0.0.1 at 2011-04-07 00:37:52 -0500
  Processing by UsersController#new as HTML
Rendered users/_form.html.erb (24.0ms)
Rendered users/new.html.erb within layouts/application (32.0ms)
Completed 200 OK in 63ms (Views: 48.0ms | ActiveRecord: 0.0ms)


Started GET "/users" for 127.0.0.1 at 2011-04-07 00:37:53 -0500
  Processing by UsersController#index as HTML
  [1m[35mUser Load (0.0ms)[0m  SELECT `users`.* FROM `users`
Rendered users/index.html.erb within layouts/application (12.0ms)
Completed 200 OK in 40ms (Views: 27.0ms | ActiveRecord: 0.0ms)


Started GET "/users/new" for 127.0.0.1 at 2011-04-07 00:37:55 -0500
  Processing by UsersController#new as HTML
Rendered users/_form.html.erb (4.0ms)
Rendered users/new.html.erb within layouts/application (14.0ms)
Completed 200 OK in 50ms (Views: 29.0ms | ActiveRecord: 0.0ms)


Started GET "/users" for 127.0.0.1 at 2011-04-07 00:37:56 -0500
  Processing by UsersController#index as HTML
  [1m[36mUser Load (1.0ms)[0m  [1mSELECT `users`.* FROM `users`[0m
Rendered users/index.html.erb within layouts/application (11.0ms)
Completed 200 OK in 40ms (Views: 26.0ms | ActiveRecord: 1.0ms)


Started GET "/users/new" for 127.0.0.1 at 2011-04-07 00:37:59 -0500
  Processing by UsersController#new as HTML
Rendered users/_form.html.erb (5.0ms)
Rendered users/new.html.erb within layouts/application (15.0ms)
Completed 200 OK in 53ms (Views: 32.0ms | ActiveRecord: 0.0ms)


Started GET "/users" for 127.0.0.1 at 2011-04-07 00:38:01 -0500
  Processing by UsersController#index as HTML
  [1m[35mUser Load (1.0ms)[0m  SELECT `users`.* FROM `users`
Rendered users/index.html.erb within layouts/application (12.0ms)
Completed 200 OK in 46ms (Views: 30.0ms | ActiveRecord: 1.0ms)


Started GET "/users/new" for 127.0.0.1 at 2011-04-07 00:38:05 -0500
  Processing by UsersController#new as HTML
Rendered users/_form.html.erb (5.0ms)
Rendered users/new.html.erb within layouts/application (13.0ms)
Completed 200 OK in 44ms (Views: 29.0ms | ActiveRecord: 0.0ms)


Started GET "/users" for 127.0.0.1 at 2011-04-07 00:38:07 -0500
  Processing by UsersController#index as HTML
  [1m[36mUser Load (1.0ms)[0m  [1mSELECT `users`.* FROM `users`[0m
Rendered users/index.html.erb within layouts/application (12.0ms)
Completed 200 OK in 40ms (Views: 27.0ms | ActiveRecord: 1.0ms)


Started GET "/users/new" for 127.0.0.1 at 2011-04-07 00:38:09 -0500
  Processing by UsersController#new as HTML
Rendered users/_form.html.erb (5.0ms)
Rendered users/new.html.erb within layouts/application (14.0ms)
Completed 200 OK in 61ms (Views: 33.0ms | ActiveRecord: 0.0ms)


Started GET "/users" for 127.0.0.1 at 2011-04-07 00:38:12 -0500
  Processing by UsersController#index as HTML
  [1m[35mUser Load (0.0ms)[0m  SELECT `users`.* FROM `users`
Rendered users/index.html.erb within layouts/application (13.0ms)
Completed 200 OK in 44ms (Views: 30.0ms | ActiveRecord: 0.0ms)


Started GET "/users/new" for 127.0.0.1 at 2011-04-07 00:38:13 -0500
  Processing by UsersController#new as HTML
Rendered users/_form.html.erb (4.0ms)
Rendered users/new.html.erb within layouts/application (12.0ms)
Completed 200 OK in 44ms (Views: 29.0ms | ActiveRecord: 0.0ms)


Started GET "/users" for 127.0.0.1 at 2011-04-07 00:38:15 -0500
  Processing by UsersController#index as HTML
  [1m[36mUser Load (1.0ms)[0m  [1mSELECT `users`.* FROM `users`[0m
Rendered users/index.html.erb within layouts/application (35.0ms)
Completed 200 OK in 65ms (Views: 51.0ms | ActiveRecord: 1.0ms)
